<?xml version="1.0" encoding="UTF-8"?>
<!-- Generated by org.testng.reporters.JUnitXMLReporter -->
<testsuite ignored="2" hostname="XATLCAMP33767" failures="1" tests="1" name="createAndConfirmAdvanceBookingForGeneralCargo_Standard_Loose" time="22.246" errors="0" timestamp="2023-09-27T14:42:10 EDT">
  <testcase classname="com.delta.test.UI.AdvanceBookingGeneralCargo" name="createAndConfirmAdvanceBookingForGeneral_Cargo_STANDARD_Loose" time="11.086">
    <failure type="java.lang.NullPointerException">
      <![CDATA[java.lang.NullPointerException
at com.delta.pageobjects.advancebooking.AdvanceBooking.userChooseTheShipmentMethod(AdvanceBooking.java:105)
at com.delta.test.UI.AdvanceBookingGeneralCargo.createAndConfirmAdvanceBookingForGeneral_Cargo_STANDARD_Loose(AdvanceBookingGeneralCargo.java:48)
at java.base/java.util.ArrayList.forEach(ArrayList.java:1541)
at com.sun.proxy.$Proxy2.stop(Unknown Source)
... Removed 44 stack frames]]>
    </failure>
  </testcase> <!-- createAndConfirmAdvanceBookingForGeneral_Cargo_STANDARD_Loose -->
  <testcase classname="com.delta.test.UI.AdvanceBookingGeneralCargo" name="createAndConfirmAdvanceBookingForGeneral_Cargo_DMD_Loose" time="0.0">
    <ignored/>
  </testcase> <!-- createAndConfirmAdvanceBookingForGeneral_Cargo_DMD_Loose -->
  <testcase classname="com.delta.test.UI.AdvanceBookingGeneralCargo" name="createAndConfirmAdvanceBookingForGeneral_Cargo_DSH_Loose" time="0.0">
    <ignored/>
  </testcase> <!-- createAndConfirmAdvanceBookingForGeneral_Cargo_DSH_Loose -->
</testsuite> <!-- createAndConfirmAdvanceBookingForGeneralCargo_Standard_Loose -->
