<?xml version="1.0" encoding="UTF-8"?>
<!-- Generated by org.testng.reporters.JUnitXMLReporter -->
<testsuite ignored="2" hostname="XATLCAMP33767" failures="0" tests="1" name="createAndConfirmAdvanceBookingForGeneralCargo_DMD_Loose" time="22.208" errors="0" timestamp="2023-09-27T14:42:52 EDT">
  <testcase classname="com.delta.test.UI.AdvanceBookingGeneralCargo" name="createAndConfirmAdvanceBookingForGeneral_Cargo_DMD_Loose" time="11.499"/>
  <testcase classname="com.delta.test.UI.AdvanceBookingGeneralCargo" name="createAndConfirmAdvanceBookingForGeneral_Cargo_STANDARD_Loose" time="0.0">
    <ignored/>
  </testcase> <!-- createAndConfirmAdvanceBookingForGeneral_Cargo_STANDARD_Loose -->
  <testcase classname="com.delta.test.UI.AdvanceBookingGeneralCargo" name="createAndConfirmAdvanceBookingForGeneral_Cargo_DSH_Loose" time="0.0">
    <ignored/>
  </testcase> <!-- createAndConfirmAdvanceBookingForGeneral_Cargo_DSH_Loose -->
</testsuite> <!-- createAndConfirmAdvanceBookingForGeneralCargo_DMD_Loose -->
