<?xml version="1.0" encoding="UTF-8"?>
<!-- Generated by org.testng.reporters.JUnitXMLReporter -->
<testsuite ignored="1" hostname="XATLCAMP33767" failures="0" tests="1" name="createAndConfirmGuidedBookingForParcel_STANDARD_NA_Domestic" time="75.536" errors="0" timestamp="2023-10-02T14:35:57 EDT">
  <testcase classname="com.delta.test.UI.GuidedBookingParcel" name="createAndConfirmGuidedBookingForParcels_STANDARD_NA_Domestic" time="62.195"/>
  <testcase classname="com.delta.test.UI.GuidedBookingParcel" name="createAndConfirmGuidedBookingForParcels_DSH_NA_Domestic" time="0.0">
    <ignored/>
  </testcase> <!-- createAndConfirmGuidedBookingForParcels_DSH_NA_Domestic -->
</testsuite> <!-- createAndConfirmGuidedBookingForParcel_STANDARD_NA_Domestic -->
