<?xml version="1.0" encoding="UTF-8"?>
<!-- Generated by org.testng.reporters.JUnitXMLReporter -->
<testsuite ignored="0" hostname="XATLCAMP33767" failures="0" tests="1" name="createAndConfirmGuidedBookingForParcel_STANDARD_NA_Domestic" time="58.976" errors="0" timestamp="2023-09-29T19:00:10 EDT">
  <testcase classname="com.delta.test.UI.GuidedBookingParcel" name="createAndConfirmGuidedBookingForParcels_STANDARD_NA_Domestic" time="44.612"/>
</testsuite> <!-- createAndConfirmGuidedBookingForParcel_STANDARD_NA_Domestic -->
