<?xml version="1.0" encoding="UTF-8"?>
<!-- Generated by org.testng.reporters.JUnitXMLReporter -->
<testsuite ignored="0" hostname="XRL404LCQ1" failures="0" tests="5" name="preparedTestData" time="25.05" errors="0" timestamp="2023-08-30T12:26:39 IST">
  <testcase classname="com.delta.test.UI.AdvanceBookingGeneralCargo" name="createAndConfirmAdvanceBookingForLooseStandard" time="0.005"/>
  <testcase classname="com.delta.test.UI.AdvanceBookingGeneralCargo" name="createAndConfirmAdvanceBookingForLooseStandard" time="0.003"/>
  <testcase classname="com.delta.test.UI.AdvanceBookingGeneralCargo" name="createAndConfirmAdvanceBookingForLooseStandard" time="0.003"/>
  <testcase classname="com.delta.test.UI.AdvanceBookingGeneralCargo" name="createAndConfirmAdvanceBookingForLooseStandard" time="0.003"/>
  <testcase classname="com.delta.test.UI.AdvanceBookingGeneralCargo" name="createAndConfirmAdvanceBookingForLooseStandard" time="0.003"/>
</testsuite> <!-- preparedTestData -->
