<?xml version="1.0" encoding="UTF-8"?>
<testng-results ignored="0" total="1" passed="1" failed="0" skipped="0">
  <reporter-output>
    <line>
      <![CDATA[user logged In Sucessfully]]>
    </line>
  </reporter-output>
  <suite started-at="2023-10-02T14:34:41 EDT" name="Cargo UI Automation" finished-at="2023-10-02T14:35:57 EDT" duration-ms="75536">
    <groups>
    </groups>
    <test started-at="2023-10-02T14:34:41 EDT" name="createAndConfirmGuidedBookingForParcel_STANDARD_NA_Domestic" finished-at="2023-10-02T14:35:57 EDT" duration-ms="75536">
      <class name="com.delta.test.UI.GuidedBookingParcel">
        <test-method is-config="true" signature="initialiseExtentReports()[pri:0, instance:com.delta.test.UI.GuidedBookingParcel@f1604fe]" started-at="2023-10-02T14:34:41 EDT" name="initialiseExtentReports" finished-at="2023-10-02T14:34:41 EDT" duration-ms="189" status="PASS">
          <reporter-output>
          </reporter-output>
        </test-method> <!-- initialiseExtentReports -->
        <test-method is-config="true" signature="setup(org.testng.ITestContext,java.lang.String)[pri:0, instance:com.delta.test.UI.GuidedBookingParcel@f1604fe]" started-at="2023-10-02T14:34:41 EDT" name="setup" finished-at="2023-10-02T14:34:54 EDT" duration-ms="13284" status="PASS">
          <params>
            <param index="0">
              <value>
                <![CDATA[org.testng.TestRunner@284e034]]>
              </value>
            </param>
            <param index="1">
              <value>
                <![CDATA[chrome]]>
              </value>
            </param>
          </params>
          <reporter-output>
          </reporter-output>
        </test-method> <!-- setup -->
        <test-method signature="createAndConfirmGuidedBookingForParcels_STANDARD_NA_Domestic()[pri:1, instance:com.delta.test.UI.GuidedBookingParcel@f1604fe]" started-at="2023-10-02T14:34:54 EDT" name="createAndConfirmGuidedBookingForParcels_STANDARD_NA_Domestic" finished-at="2023-10-02T14:35:57 EDT" duration-ms="62195" status="PASS">
          <reporter-output>
            <line>
              <![CDATA[user logged In Sucessfully]]>
            </line>
          </reporter-output>
        </test-method> <!-- createAndConfirmGuidedBookingForParcels_STANDARD_NA_Domestic -->
        <test-method is-config="true" signature="checkStatus(java.lang.reflect.Method,org.testng.ITestResult)[pri:0, instance:com.delta.test.UI.GuidedBookingParcel@f1604fe]" started-at="2023-10-02T14:35:57 EDT" name="checkStatus" finished-at="2023-10-02T14:35:57 EDT" duration-ms="25" status="PASS">
          <params>
            <param index="0">
              <value>
                <![CDATA[public void com.delta.test.UI.GuidedBookingParcel.createAndConfirmGuidedBookingForParcels_STANDARD_NA_Domestic() throws java.lang.InterruptedException]]>
              </value>
            </param>
            <param index="1">
              <value>
                <![CDATA[[TestResult name=createAndConfirmGuidedBookingForParcels_STANDARD_NA_Domestic status=SUCCESS method=GuidedBookingParcel.createAndConfirmGuidedBookingForParcels_STANDARD_NA_Domestic()[pri:1, instance:com.delta.test.UI.GuidedBookingParcel@f1604fe] output=user logged In Sucessfully]]]>
              </value>
            </param>
          </params>
          <reporter-output>
          </reporter-output>
        </test-method> <!-- checkStatus -->
        <test-method is-config="true" signature="teardown()[pri:0, instance:com.delta.test.UI.GuidedBookingParcel@f1604fe]" started-at="2023-10-02T14:35:57 EDT" name="teardown" finished-at="2023-10-02T14:35:57 EDT" duration-ms="0" status="PASS">
          <reporter-output>
          </reporter-output>
        </test-method> <!-- teardown -->
        <test-method is-config="true" signature="generateExtentReports()[pri:0, instance:com.delta.test.UI.GuidedBookingParcel@f1604fe]" started-at="2023-10-02T14:35:57 EDT" name="generateExtentReports" finished-at="2023-10-02T14:35:58 EDT" duration-ms="1488" status="PASS">
          <reporter-output>
          </reporter-output>
        </test-method> <!-- generateExtentReports -->
      </class> <!-- com.delta.test.UI.GuidedBookingParcel -->
    </test> <!-- createAndConfirmGuidedBookingForParcel_STANDARD_NA_Domestic -->
  </suite> <!-- Cargo UI Automation -->
</testng-results>
